# List of All Dictionaries to be Loaded by OpenOffice
# ---------------------------------------------------
# Each Entry in the list have the following space delimited fields
#
# Field 1: Entry Type "DICT" - spellchecking dictionary
#                     "HYPH" - hyphenation dictionary
#                     "THES" - thesaurus files
#
# Field 2: Language code from Locale "en" or "de" or "pt" ...
#
# Field 3: Country Code from Locale "US" or "GB" or "PT"
#
# Field 4: Root name of file(s) "en_US" or "hyph_de" or "th_en_US 
#          (do not add extensions to the name)

DICT en BZ en_BE
HYPH en BZ hyph_en_US
THES en BZ th_en_BE
DICT en GB en_GB
HYPH en GB hyph_en_GB
THES en GB th_en_GB
DICT en US en_US
HYPH en US hyph_en_US
THES en US th_en_US_v2
DICT en GH WIKI
HYPH en GH hyph_en_US
THES en GH th_en_BE
DICT en JM BASICNEXT
HYPH en JM hyph_en_US
THES en JM th_en_BE
DICT en TT VERSEBIBLE
HYPH en TT hyph_en_US
THES en TT th_en_BE
DICT en ZW SIMPLE
HYPH en ZW hyph_en_US
THES en ZW th_en_BE
THES cs CZ th_cs_CZ_v2
DICT pt BR pt_BR
HYPH zu ZA hyph_zu_ZA
DICT lt LT lt_LT
HYPH lt LT hyph_lt_LT
DICT th TH th_TH
HYPH da DK hyph_da_DK
DICT da DK da_DK
DICT af ZA af_ZA
DICT af NA af_ZA
HYPH af ZA hyph_af_ZA
HYPH af NA hyph_af_ZA
DICT sw TZ sw_TZ
DICT sw KE sw_TZ
HYPH de AT hyph_de_DE
DICT de AT de_AT
THES de AT th_de_DE_v2
DICT pl PL pl_PL
HYPH pl PL hyph_pl_PL
THES pl PL th_pl_PL_v2
HYPH de CH hyph_de_DE
DICT de CH de_CH
THES de CH th_de_CH_v2
DICT fr FR fr_FR
DICT hu HU hu_HU
HYPH hu HU hyph_hu_HU
DICT sv SE sv_SE
DICT sl SI sl_SI
HYPH sl SI hyph_sl_SI
DICT nl NL nl_NL
HYPH nl NL hyph_nl_NL
DICT ne NP ne_NP
THES ne NP th_ne_NP_v2
DICT et EE et_EE
HYPH et EE hyph_et_EE
HYPH de DE hyph_de_DE
DICT de DE de_DE
THES de DE th_de_DE_v2
DICT es ES es_ES
THES sk SK th_sk_SK_v2
DICT sk SK sk_SK
HYPH ru RU hyph_ru_RU
THES ru RU th_ru_RU_v2
DICT it IT it_IT
HYPH it IT hyph_it_IT
THES it IT th_it_IT_v2